possibly trimming C:\Users\I310911\perforce\testWRKSPC\testPlugin\appexample5\.\work\fingerprints\00\67\0735acb2a9d1421b506dc7d338bc.xml
possibly trimming C:\Users\I310911\perforce\testWRKSPC\testPlugin\appexample5\.\work\fingerprints\04\06\7d1b5c9ac4447fd376632b13fba0.xml
possibly trimming C:\Users\I310911\perforce\testWRKSPC\testPlugin\appexample5\.\work\fingerprints\04\17\7054e180d09e3998808efa0401c7.xml
possibly trimming C:\Users\I310911\perforce\testWRKSPC\testPlugin\appexample5\.\work\fingerprints\07\a7\507fceae672588549eb221aeb3ff.xml
possibly trimming C:\Users\I310911\perforce\testWRKSPC\testPlugin\appexample5\.\work\fingerprints\08\38\98d794cc261853922ca941aee390.xml
possibly trimming C:\Users\I310911\perforce\testWRKSPC\testPlugin\appexample5\.\work\fingerprints\09\f7\aa040d72c6793acf2a2197f17d07.xml
possibly trimming C:\Users\I310911\perforce\testWRKSPC\testPlugin\appexample5\.\work\fingerprints\0a\ff\c5812b09809c99ddb077f615dc21.xml
possibly trimming C:\Users\I310911\perforce\testWRKSPC\testPlugin\appexample5\.\work\fingerprints\0c\5e\75de2764a8820b5d2a8704248488.xml
possibly trimming C:\Users\I310911\perforce\testWRKSPC\testPlugin\appexample5\.\work\fingerprints\0d\4b\01fed48a36a59a1ccc421093ccf6.xml
possibly trimming C:\Users\I310911\perforce\testWRKSPC\testPlugin\appexample5\.\work\fingerprints\0e\03\18be407e51fdf7ba6777eabfdf73.xml
possibly trimming C:\Users\I310911\perforce\testWRKSPC\testPlugin\appexample5\.\work\fingerprints\0f\61\debb2450f240a7921d52d1344f94.xml
possibly trimming C:\Users\I310911\perforce\testWRKSPC\testPlugin\appexample5\.\work\fingerprints\11\0a\d2ea84f7031a1798648b6b318e79.xml
possibly trimming C:\Users\I310911\perforce\testWRKSPC\testPlugin\appexample5\.\work\fingerprints\12\b6\5438bbaf225102d0396c21236052.xml
possibly trimming C:\Users\I310911\perforce\testWRKSPC\testPlugin\appexample5\.\work\fingerprints\12\c6\5a146a54e74676988c763407d648.xml
possibly trimming C:\Users\I310911\perforce\testWRKSPC\testPlugin\appexample5\.\work\fingerprints\13\bc\641afd7fd95e09b260f69c1e4c91.xml
possibly trimming C:\Users\I310911\perforce\testWRKSPC\testPlugin\appexample5\.\work\fingerprints\16\5e\dd1f1f4f3d3a3b1be97a3a645a5b.xml
possibly trimming C:\Users\I310911\perforce\testWRKSPC\testPlugin\appexample5\.\work\fingerprints\17\12\4c31e7f9b739688b31ef47fee6c0.xml
possibly trimming C:\Users\I310911\perforce\testWRKSPC\testPlugin\appexample5\.\work\fingerprints\17\99\d2b96736bac07268a2b9017ccb25.xml
possibly trimming C:\Users\I310911\perforce\testWRKSPC\testPlugin\appexample5\.\work\fingerprints\1a\b5\27c37ea972ec0bc9836f34569cce.xml
possibly trimming C:\Users\I310911\perforce\testWRKSPC\testPlugin\appexample5\.\work\fingerprints\1a\fe\6492b5fdb08b7bace3b4aaa6f4d0.xml
possibly trimming C:\Users\I310911\perforce\testWRKSPC\testPlugin\appexample5\.\work\fingerprints\1d\5a\772e400b04bb67a7ef4a0e0996d8.xml
possibly trimming C:\Users\I310911\perforce\testWRKSPC\testPlugin\appexample5\.\work\fingerprints\1d\67\63fb2a89c9fe54f75e69ded222f5.xml
possibly trimming C:\Users\I310911\perforce\testWRKSPC\testPlugin\appexample5\.\work\fingerprints\1d\7a\3ec1bd370a57cc3a993d7d00501a.xml
possibly trimming C:\Users\I310911\perforce\testWRKSPC\testPlugin\appexample5\.\work\fingerprints\1f\01\4d4bfe25ab914f8bc45eb9371d10.xml
possibly trimming C:\Users\I310911\perforce\testWRKSPC\testPlugin\appexample5\.\work\fingerprints\1f\a1\13c6aacf3a01af1449df77acd474.xml
possibly trimming C:\Users\I310911\perforce\testWRKSPC\testPlugin\appexample5\.\work\fingerprints\22\3a\5fac960a7398aa3c6607f8da4558.xml
possibly trimming C:\Users\I310911\perforce\testWRKSPC\testPlugin\appexample5\.\work\fingerprints\22\c7\26dd6db1ab8250af5695e74494e6.xml
possibly trimming C:\Users\I310911\perforce\testWRKSPC\testPlugin\appexample5\.\work\fingerprints\23\08\689a475d0f3cb855a3eb8d48629f.xml
possibly trimming C:\Users\I310911\perforce\testWRKSPC\testPlugin\appexample5\.\work\fingerprints\23\49\53c77588fcd130a9403700bf93b7.xml
possibly trimming C:\Users\I310911\perforce\testWRKSPC\testPlugin\appexample5\.\work\fingerprints\23\96\ea4e1942a5fc7950cd4478120ec7.xml
possibly trimming C:\Users\I310911\perforce\testWRKSPC\testPlugin\appexample5\.\work\fingerprints\23\c9\4d51e72f341fb412d6a015e16313.xml
possibly trimming C:\Users\I310911\perforce\testWRKSPC\testPlugin\appexample5\.\work\fingerprints\24\9d\2afad4d419a8139549ca2ab8a05a.xml
possibly trimming C:\Users\I310911\perforce\testWRKSPC\testPlugin\appexample5\.\work\fingerprints\25\15\96403cce9ee350ec8c1a85aa062e.xml
possibly trimming C:\Users\I310911\perforce\testWRKSPC\testPlugin\appexample5\.\work\fingerprints\26\7a\94075e602a1d4c6d4015b8e307fe.xml
possibly trimming C:\Users\I310911\perforce\testWRKSPC\testPlugin\appexample5\.\work\fingerprints\27\1b\6cbde1527e944d1ef02cd49dead4.xml
possibly trimming C:\Users\I310911\perforce\testWRKSPC\testPlugin\appexample5\.\work\fingerprints\27\80\9bed0b611c4c7195d8d0be9027d7.xml
possibly trimming C:\Users\I310911\perforce\testWRKSPC\testPlugin\appexample5\.\work\fingerprints\28\90\75e48b909e9e74e6c915b3631d2e.xml
possibly trimming C:\Users\I310911\perforce\testWRKSPC\testPlugin\appexample5\.\work\fingerprints\29\11\ebc15a90c3efc248671a2d511e98.xml
possibly trimming C:\Users\I310911\perforce\testWRKSPC\testPlugin\appexample5\.\work\fingerprints\2e\cf\c7271b728a635da1dd1c3dcee5bc.xml
possibly trimming C:\Users\I310911\perforce\testWRKSPC\testPlugin\appexample5\.\work\fingerprints\2e\e1\c4c795c0c749988760d3f3b14ff5.xml
possibly trimming C:\Users\I310911\perforce\testWRKSPC\testPlugin\appexample5\.\work\fingerprints\2f\a8\3c1a4c2ba8c7253224fefe72f307.xml
possibly trimming C:\Users\I310911\perforce\testWRKSPC\testPlugin\appexample5\.\work\fingerprints\30\5f\6b2802ac13d170d92af96082e7cf.xml
possibly trimming C:\Users\I310911\perforce\testWRKSPC\testPlugin\appexample5\.\work\fingerprints\32\2d\8f88c5111af612df838c0191cd7e.xml
possibly trimming C:\Users\I310911\perforce\testWRKSPC\testPlugin\appexample5\.\work\fingerprints\33\f5\40df15bd4a3324654a7a902207a2.xml
possibly trimming C:\Users\I310911\perforce\testWRKSPC\testPlugin\appexample5\.\work\fingerprints\34\d3\f9c2d7e1b1669e33f9bc530adecf.xml
possibly trimming C:\Users\I310911\perforce\testWRKSPC\testPlugin\appexample5\.\work\fingerprints\35\56\96bb2e3d3c9892543396271d4d79.xml
possibly trimming C:\Users\I310911\perforce\testWRKSPC\testPlugin\appexample5\.\work\fingerprints\39\08\8daf223b2df4af5b0d36071644f0.xml
possibly trimming C:\Users\I310911\perforce\testWRKSPC\testPlugin\appexample5\.\work\fingerprints\39\d5\639b773184162378c855e7ea3f3e.xml
possibly trimming C:\Users\I310911\perforce\testWRKSPC\testPlugin\appexample5\.\work\fingerprints\3a\2a\f8945d7b2ae38ca33a97f60a9611.xml
possibly trimming C:\Users\I310911\perforce\testWRKSPC\testPlugin\appexample5\.\work\fingerprints\3c\42\be5ea7cbf3635716abbb429cb90d.xml
possibly trimming C:\Users\I310911\perforce\testWRKSPC\testPlugin\appexample5\.\work\fingerprints\3e\12\caa6bd5111671b5e321548d7700a.xml
possibly trimming C:\Users\I310911\perforce\testWRKSPC\testPlugin\appexample5\.\work\fingerprints\3e\47\3766c65d0f19bfeceaf810ef2f07.xml
possibly trimming C:\Users\I310911\perforce\testWRKSPC\testPlugin\appexample5\.\work\fingerprints\3f\88\bafd44fe5974cbdc3bfc57e3d80f.xml
possibly trimming C:\Users\I310911\perforce\testWRKSPC\testPlugin\appexample5\.\work\fingerprints\3f\95\a5a45cc505dcc5f5fd1eea6a5554.xml
possibly trimming C:\Users\I310911\perforce\testWRKSPC\testPlugin\appexample5\.\work\fingerprints\3f\a9\de5c3c3bb6847366d777b9e6c518.xml
possibly trimming C:\Users\I310911\perforce\testWRKSPC\testPlugin\appexample5\.\work\fingerprints\41\f4\7a4c81b5a9f76bc7f12af69e4fbe.xml
possibly trimming C:\Users\I310911\perforce\testWRKSPC\testPlugin\appexample5\.\work\fingerprints\42\e9\40d5d2d822f4dc04c65053e630ab.xml
possibly trimming C:\Users\I310911\perforce\testWRKSPC\testPlugin\appexample5\.\work\fingerprints\44\33\0f96d4c122f2087fffaea0ac3499.xml
possibly trimming C:\Users\I310911\perforce\testWRKSPC\testPlugin\appexample5\.\work\fingerprints\45\0f\edce4f7f8ad3761577b10a664200.xml
possibly trimming C:\Users\I310911\perforce\testWRKSPC\testPlugin\appexample5\.\work\fingerprints\46\23\5c960277206f00fe24714437bc89.xml
possibly trimming C:\Users\I310911\perforce\testWRKSPC\testPlugin\appexample5\.\work\fingerprints\46\2c\0959f0322016495f4598243bc0f2.xml
possibly trimming C:\Users\I310911\perforce\testWRKSPC\testPlugin\appexample5\.\work\fingerprints\46\91\ecb7b2c3fbe481fa5f43453d0cc5.xml
possibly trimming C:\Users\I310911\perforce\testWRKSPC\testPlugin\appexample5\.\work\fingerprints\47\10\69e42560bb0aa1091e2dd2de5f95.xml
possibly trimming C:\Users\I310911\perforce\testWRKSPC\testPlugin\appexample5\.\work\fingerprints\47\65\c96afd249698d7549205faae2fa5.xml
possibly trimming C:\Users\I310911\perforce\testWRKSPC\testPlugin\appexample5\.\work\fingerprints\47\8b\d132aeb7b1ddbb2479800cbc6f18.xml
possibly trimming C:\Users\I310911\perforce\testWRKSPC\testPlugin\appexample5\.\work\fingerprints\48\76\2848e051af9fd3901ff7abef1275.xml
possibly trimming C:\Users\I310911\perforce\testWRKSPC\testPlugin\appexample5\.\work\fingerprints\48\cd\00abc388c5156879b335e869adab.xml
possibly trimming C:\Users\I310911\perforce\testWRKSPC\testPlugin\appexample5\.\work\fingerprints\4a\33\a6f92decc07f64a6473edc7783d9.xml
possibly trimming C:\Users\I310911\perforce\testWRKSPC\testPlugin\appexample5\.\work\fingerprints\4b\72\ad6a01e0b8c2668484e6c54c42f9.xml
possibly trimming C:\Users\I310911\perforce\testWRKSPC\testPlugin\appexample5\.\work\fingerprints\4c\89\c44ca3c604a043253e7482b1d65f.xml
possibly trimming C:\Users\I310911\perforce\testWRKSPC\testPlugin\appexample5\.\work\fingerprints\4c\d5\6b2e4977e541186de69f5126b4a6.xml
possibly trimming C:\Users\I310911\perforce\testWRKSPC\testPlugin\appexample5\.\work\fingerprints\4d\5c\1693079575b362edf41500630bbd.xml
possibly trimming C:\Users\I310911\perforce\testWRKSPC\testPlugin\appexample5\.\work\fingerprints\4d\c5\97b3ac3d2fb40a444a66e7bfebad.xml
possibly trimming C:\Users\I310911\perforce\testWRKSPC\testPlugin\appexample5\.\work\fingerprints\4f\3e\3b8a34729e317e4c2484016ca151.xml
possibly trimming C:\Users\I310911\perforce\testWRKSPC\testPlugin\appexample5\.\work\fingerprints\4f\89\9cde87c65af37e53914af9f6a3bf.xml
possibly trimming C:\Users\I310911\perforce\testWRKSPC\testPlugin\appexample5\.\work\fingerprints\52\25\aea27bdfb97a4ca26ff11de9ac43.xml
possibly trimming C:\Users\I310911\perforce\testWRKSPC\testPlugin\appexample5\.\work\fingerprints\52\84\45033f22da28f5047b6abcd1c7c9.xml
possibly trimming C:\Users\I310911\perforce\testWRKSPC\testPlugin\appexample5\.\work\fingerprints\53\16\0199f5667de3fca69b723173639b.xml
possibly trimming C:\Users\I310911\perforce\testWRKSPC\testPlugin\appexample5\.\work\fingerprints\55\5a\c7550bbeeacf5b0f89fef6954319.xml
possibly trimming C:\Users\I310911\perforce\testWRKSPC\testPlugin\appexample5\.\work\fingerprints\57\0b\d4d676551cabd348d449679fbdb5.xml
possibly trimming C:\Users\I310911\perforce\testWRKSPC\testPlugin\appexample5\.\work\fingerprints\5b\38\c40c97fbd0adee29f91e60405584.xml
possibly trimming C:\Users\I310911\perforce\testWRKSPC\testPlugin\appexample5\.\work\fingerprints\5c\3b\fb04ffb8bfd2531228a6af3bc650.xml
possibly trimming C:\Users\I310911\perforce\testWRKSPC\testPlugin\appexample5\.\work\fingerprints\5c\8a\cc130823219fe778b7c2f8d47912.xml
possibly trimming C:\Users\I310911\perforce\testWRKSPC\testPlugin\appexample5\.\work\fingerprints\5c\c2\288708d15dd43bc8681f5b5541b0.xml
possibly trimming C:\Users\I310911\perforce\testWRKSPC\testPlugin\appexample5\.\work\fingerprints\5d\12\344dc7931438725bb55dbc9a2a1c.xml
possibly trimming C:\Users\I310911\perforce\testWRKSPC\testPlugin\appexample5\.\work\fingerprints\5e\06\844478fd0e09db22bf39cf5cc308.xml
possibly trimming C:\Users\I310911\perforce\testWRKSPC\testPlugin\appexample5\.\work\fingerprints\5e\bb\241efd642d6985b89d56b8d640c8.xml
possibly trimming C:\Users\I310911\perforce\testWRKSPC\testPlugin\appexample5\.\work\fingerprints\63\40\121d5783780ba3cc05483311aaa9.xml
possibly trimming C:\Users\I310911\perforce\testWRKSPC\testPlugin\appexample5\.\work\fingerprints\63\93\363b47ddcbba82321110c3e07519.xml
possibly trimming C:\Users\I310911\perforce\testWRKSPC\testPlugin\appexample5\.\work\fingerprints\63\a8\2d216b28173f01bd511b8d55d26d.xml
possibly trimming C:\Users\I310911\perforce\testWRKSPC\testPlugin\appexample5\.\work\fingerprints\64\ce\dbebe524a2615ec030fa05e537e6.xml
possibly trimming C:\Users\I310911\perforce\testWRKSPC\testPlugin\appexample5\.\work\fingerprints\65\7e\7c796518905c5fe339dc614114b4.xml
possibly trimming C:\Users\I310911\perforce\testWRKSPC\testPlugin\appexample5\.\work\fingerprints\66\98\f28a5f1f31bbddc2f40bf8d328df.xml
possibly trimming C:\Users\I310911\perforce\testWRKSPC\testPlugin\appexample5\.\work\fingerprints\67\aa\3d67701de0b808ff606e1756c8bb.xml
possibly trimming C:\Users\I310911\perforce\testWRKSPC\testPlugin\appexample5\.\work\fingerprints\67\c1\cd4fa81ff39826826f46e88f420f.xml
possibly trimming C:\Users\I310911\perforce\testWRKSPC\testPlugin\appexample5\.\work\fingerprints\68\f4\007be15d717d09373575278c08c1.xml
possibly trimming C:\Users\I310911\perforce\testWRKSPC\testPlugin\appexample5\.\work\fingerprints\69\a3\d06554ebc3027c9432509a67ede2.xml
possibly trimming C:\Users\I310911\perforce\testWRKSPC\testPlugin\appexample5\.\work\fingerprints\6a\44\d84b72897f28189f4792e2015b93.xml
possibly trimming C:\Users\I310911\perforce\testWRKSPC\testPlugin\appexample5\.\work\fingerprints\6a\c1\813e9e680f10aa01e5bfa06a7f22.xml
possibly trimming C:\Users\I310911\perforce\testWRKSPC\testPlugin\appexample5\.\work\fingerprints\6b\0c\65b0db4e60c6e5daadf65cac1192.xml
possibly trimming C:\Users\I310911\perforce\testWRKSPC\testPlugin\appexample5\.\work\fingerprints\6b\27\008bd6cb5f4cc430e219d785313a.xml
possibly trimming C:\Users\I310911\perforce\testWRKSPC\testPlugin\appexample5\.\work\fingerprints\6c\3c\b93924d2eb1955b53318da4ce401.xml
possibly trimming C:\Users\I310911\perforce\testWRKSPC\testPlugin\appexample5\.\work\fingerprints\6c\cb\86231d8a8b99c551b4ddf926ddd1.xml
possibly trimming C:\Users\I310911\perforce\testWRKSPC\testPlugin\appexample5\.\work\fingerprints\6e\3c\39f391e4994888b7d0030f775804.xml
possibly trimming C:\Users\I310911\perforce\testWRKSPC\testPlugin\appexample5\.\work\fingerprints\70\fd\a5202eb9d9ce4f250f2c2ba71152.xml
possibly trimming C:\Users\I310911\perforce\testWRKSPC\testPlugin\appexample5\.\work\fingerprints\73\81\394a4426246a731aae329edbeb61.xml
possibly trimming C:\Users\I310911\perforce\testWRKSPC\testPlugin\appexample5\.\work\fingerprints\73\ae\ea2ddd36d6ec128802868e23ef1d.xml
possibly trimming C:\Users\I310911\perforce\testWRKSPC\testPlugin\appexample5\.\work\fingerprints\73\d8\23782d91565d06b09ddea887afaa.xml
possibly trimming C:\Users\I310911\perforce\testWRKSPC\testPlugin\appexample5\.\work\fingerprints\75\4a\b27a4bc4f2409d6cd9652f3ae3e0.xml
possibly trimming C:\Users\I310911\perforce\testWRKSPC\testPlugin\appexample5\.\work\fingerprints\75\61\5356605c8128013da9e3ac62a249.xml
possibly trimming C:\Users\I310911\perforce\testWRKSPC\testPlugin\appexample5\.\work\fingerprints\75\fe\320d2b3763bd6883ae1ede35e987.xml
possibly trimming C:\Users\I310911\perforce\testWRKSPC\testPlugin\appexample5\.\work\fingerprints\76\51\a25ecbb8a2ea3fcb6c19be76aa37.xml
possibly trimming C:\Users\I310911\perforce\testWRKSPC\testPlugin\appexample5\.\work\fingerprints\76\d9\04712faba2deab5080d9e21586d9.xml
possibly trimming C:\Users\I310911\perforce\testWRKSPC\testPlugin\appexample5\.\work\fingerprints\77\86\deaf46a3aa5a535f982486cb3e30.xml
possibly trimming C:\Users\I310911\perforce\testWRKSPC\testPlugin\appexample5\.\work\fingerprints\77\90\4680a9e5519712d9031107c48b6a.xml
possibly trimming C:\Users\I310911\perforce\testWRKSPC\testPlugin\appexample5\.\work\fingerprints\7c\a9\701aea412ff7343c4b6bdbf4f7c7.xml
possibly trimming C:\Users\I310911\perforce\testWRKSPC\testPlugin\appexample5\.\work\fingerprints\7d\18\b63063580284c3f5734081fdc99f.xml
possibly trimming C:\Users\I310911\perforce\testWRKSPC\testPlugin\appexample5\.\work\fingerprints\7d\43\6a53c64490bee564c576babb36b4.xml
possibly trimming C:\Users\I310911\perforce\testWRKSPC\testPlugin\appexample5\.\work\fingerprints\7e\a9\caf02d987156cc92e79dbcdf7f10.xml
possibly trimming C:\Users\I310911\perforce\testWRKSPC\testPlugin\appexample5\.\work\fingerprints\7f\94\e1243c83cd90ea28e4bf0cc61eaa.xml
possibly trimming C:\Users\I310911\perforce\testWRKSPC\testPlugin\appexample5\.\work\fingerprints\7f\97\854dc04c119d461fed14f5d8bb96.xml
possibly trimming C:\Users\I310911\perforce\testWRKSPC\testPlugin\appexample5\.\work\fingerprints\81\2c\5384ea62208236321244dcab54ad.xml
possibly trimming C:\Users\I310911\perforce\testWRKSPC\testPlugin\appexample5\.\work\fingerprints\81\dd\1d035afa75e02af9b38f9846a85a.xml
possibly trimming C:\Users\I310911\perforce\testWRKSPC\testPlugin\appexample5\.\work\fingerprints\85\06\484adbe1d51885585782302426b5.xml
possibly trimming C:\Users\I310911\perforce\testWRKSPC\testPlugin\appexample5\.\work\fingerprints\86\1d\a3054b711d5bc080f6c065465427.xml
possibly trimming C:\Users\I310911\perforce\testWRKSPC\testPlugin\appexample5\.\work\fingerprints\86\76\e5cace1cbe75966671dd6a768642.xml
possibly trimming C:\Users\I310911\perforce\testWRKSPC\testPlugin\appexample5\.\work\fingerprints\86\f7\35cd3ddd7f66303afa24e530d26c.xml
possibly trimming C:\Users\I310911\perforce\testWRKSPC\testPlugin\appexample5\.\work\fingerprints\88\2a\dd48c16ceb068eacb5a19e636c1e.xml
possibly trimming C:\Users\I310911\perforce\testWRKSPC\testPlugin\appexample5\.\work\fingerprints\89\af\908e408eedc0c3abd5a1a08e29de.xml
possibly trimming C:\Users\I310911\perforce\testWRKSPC\testPlugin\appexample5\.\work\fingerprints\8a\53\a7ae6e64acaf0747be3c3da394b0.xml
possibly trimming C:\Users\I310911\perforce\testWRKSPC\testPlugin\appexample5\.\work\fingerprints\8a\d8\c9229ef2d59ab9f59f7050e846a5.xml
possibly trimming C:\Users\I310911\perforce\testWRKSPC\testPlugin\appexample5\.\work\fingerprints\8a\df\c4a9b8c3b2f7beae53e5ce8fdb73.xml
possibly trimming C:\Users\I310911\perforce\testWRKSPC\testPlugin\appexample5\.\work\fingerprints\8b\15\868537de969a99f52d3d8df5f9f3.xml
possibly trimming C:\Users\I310911\perforce\testWRKSPC\testPlugin\appexample5\.\work\fingerprints\8b\cd\b2b68aba5c448c35d0c8e46b2e96.xml
possibly trimming C:\Users\I310911\perforce\testWRKSPC\testPlugin\appexample5\.\work\fingerprints\8c\b7\d88faca2da5a3f9a3c50eee1fc3b.xml
possibly trimming C:\Users\I310911\perforce\testWRKSPC\testPlugin\appexample5\.\work\fingerprints\8e\fc\9e06c47526dcb9c62290418ed4ff.xml
possibly trimming C:\Users\I310911\perforce\testWRKSPC\testPlugin\appexample5\.\work\fingerprints\92\e1\12b2eeae8c7cb5b91d20d3473f4b.xml
possibly trimming C:\Users\I310911\perforce\testWRKSPC\testPlugin\appexample5\.\work\fingerprints\92\eb\5aabc1b47287de53d45c086a435c.xml
possibly trimming C:\Users\I310911\perforce\testWRKSPC\testPlugin\appexample5\.\work\fingerprints\94\37\e7248fe7d542f4152a978b35cc22.xml
possibly trimming C:\Users\I310911\perforce\testWRKSPC\testPlugin\appexample5\.\work\fingerprints\95\03\39565ffb3fead0640e697cb9f3c7.xml
possibly trimming C:\Users\I310911\perforce\testWRKSPC\testPlugin\appexample5\.\work\fingerprints\96\6e\8f95e04febb15626277f14838c78.xml
possibly trimming C:\Users\I310911\perforce\testWRKSPC\testPlugin\appexample5\.\work\fingerprints\97\c6\bb68108a3d68094eab0f67157962.xml
possibly trimming C:\Users\I310911\perforce\testWRKSPC\testPlugin\appexample5\.\work\fingerprints\99\bc\885bb5c68be1c09ed23c997df5ac.xml
possibly trimming C:\Users\I310911\perforce\testWRKSPC\testPlugin\appexample5\.\work\fingerprints\9a\e9\c29e4497fc35a3eade1e6dd0bbeb.xml
possibly trimming C:\Users\I310911\perforce\testWRKSPC\testPlugin\appexample5\.\work\fingerprints\9b\2e\40069a269939c471a0b2c3c833ce.xml
possibly trimming C:\Users\I310911\perforce\testWRKSPC\testPlugin\appexample5\.\work\fingerprints\a0\4e\a81d440c7f10523b898c90dee1c9.xml
possibly trimming C:\Users\I310911\perforce\testWRKSPC\testPlugin\appexample5\.\work\fingerprints\a1\73\35569fd2765c000e9d76116b0da9.xml
possibly trimming C:\Users\I310911\perforce\testWRKSPC\testPlugin\appexample5\.\work\fingerprints\a1\b2\783c559c0eb166d8813f76a3bdfd.xml
possibly trimming C:\Users\I310911\perforce\testWRKSPC\testPlugin\appexample5\.\work\fingerprints\a3\34\db7c87065a1f5017e9a2a7d7b757.xml
possibly trimming C:\Users\I310911\perforce\testWRKSPC\testPlugin\appexample5\.\work\fingerprints\a4\31\6d3710840f4b7152b7ac1c904679.xml
possibly trimming C:\Users\I310911\perforce\testWRKSPC\testPlugin\appexample5\.\work\fingerprints\a4\b1\5652f6ec64c33cf94222c2149f1a.xml
possibly trimming C:\Users\I310911\perforce\testWRKSPC\testPlugin\appexample5\.\work\fingerprints\a5\7c\4735f9b2c394dd278b94ee8e8aa0.xml
possibly trimming C:\Users\I310911\perforce\testWRKSPC\testPlugin\appexample5\.\work\fingerprints\a5\a3\718e29e2e7bf6831e64377701611.xml
possibly trimming C:\Users\I310911\perforce\testWRKSPC\testPlugin\appexample5\.\work\fingerprints\a6\99\8942af36816110db859228c60ca7.xml
possibly trimming C:\Users\I310911\perforce\testWRKSPC\testPlugin\appexample5\.\work\fingerprints\a6\b6\4dfe58229bdd810263fa0cc54cff.xml
possibly trimming C:\Users\I310911\perforce\testWRKSPC\testPlugin\appexample5\.\work\fingerprints\a8\4b\747b13a9251333f7280d8332a41d.xml
possibly trimming C:\Users\I310911\perforce\testWRKSPC\testPlugin\appexample5\.\work\fingerprints\a9\e6\6d25caae7c810a4f7014981ef501.xml
possibly trimming C:\Users\I310911\perforce\testWRKSPC\testPlugin\appexample5\.\work\fingerprints\ab\c5\2c4705ee6817bb37291ffcdd1b60.xml
possibly trimming C:\Users\I310911\perforce\testWRKSPC\testPlugin\appexample5\.\work\fingerprints\ac\ab\c89ff914a9ca315af05a0c77f45b.xml
possibly trimming C:\Users\I310911\perforce\testWRKSPC\testPlugin\appexample5\.\work\fingerprints\ad\4b\189a21885074f46ef7bc76a8ef50.xml
possibly trimming C:\Users\I310911\perforce\testWRKSPC\testPlugin\appexample5\.\work\fingerprints\ae\0f\6b92d5a03661cd47df621c4eee6c.xml
possibly trimming C:\Users\I310911\perforce\testWRKSPC\testPlugin\appexample5\.\work\fingerprints\ae\f4\81868db6ebe61a4cf38a6cdff1ee.xml
possibly trimming C:\Users\I310911\perforce\testWRKSPC\testPlugin\appexample5\.\work\fingerprints\af\2f\0873d3eb615b1514ae8e8a750042.xml
possibly trimming C:\Users\I310911\perforce\testWRKSPC\testPlugin\appexample5\.\work\fingerprints\b1\8f\33545dacd6f3860930934c3dd30d.xml
possibly trimming C:\Users\I310911\perforce\testWRKSPC\testPlugin\appexample5\.\work\fingerprints\b4\5b\e74134796c89db7126083129532f.xml
possibly trimming C:\Users\I310911\perforce\testWRKSPC\testPlugin\appexample5\.\work\fingerprints\b6\6c\31348050017b46d90921d8312752.xml
possibly trimming C:\Users\I310911\perforce\testWRKSPC\testPlugin\appexample5\.\work\fingerprints\b6\e6\837fed04d4a7bad291caad8756ea.xml
possibly trimming C:\Users\I310911\perforce\testWRKSPC\testPlugin\appexample5\.\work\fingerprints\b8\7a\a66fe75685c82d082e750ab51b2e.xml
possibly trimming C:\Users\I310911\perforce\testWRKSPC\testPlugin\appexample5\.\work\fingerprints\b8\e1\4dd6e93c8f34888846dcac492160.xml
possibly trimming C:\Users\I310911\perforce\testWRKSPC\testPlugin\appexample5\.\work\fingerprints\b9\69\f007d88efe99990c4026e032b334.xml
possibly trimming C:\Users\I310911\perforce\testWRKSPC\testPlugin\appexample5\.\work\fingerprints\b9\95\a1ef21994fd43ca116dad99d06a9.xml
possibly trimming C:\Users\I310911\perforce\testWRKSPC\testPlugin\appexample5\.\work\fingerprints\bc\ae\fdc4b6521ea530ec129811f363c8.xml
possibly trimming C:\Users\I310911\perforce\testWRKSPC\testPlugin\appexample5\.\work\fingerprints\bd\e0\58840b62959c7a2f2960b6031a57.xml
possibly trimming C:\Users\I310911\perforce\testWRKSPC\testPlugin\appexample5\.\work\fingerprints\bf\cf\793719ed18bf35ab0d2ffb1549ee.xml
possibly trimming C:\Users\I310911\perforce\testWRKSPC\testPlugin\appexample5\.\work\fingerprints\bf\dc\ae1ff93f0c07d733f03bdce28c9e.xml
possibly trimming C:\Users\I310911\perforce\testWRKSPC\testPlugin\appexample5\.\work\fingerprints\c0\fc\39ae35a97354654267c12d4f86c1.xml
possibly trimming C:\Users\I310911\perforce\testWRKSPC\testPlugin\appexample5\.\work\fingerprints\c1\95\7a85d38024ae5389ec0e3d91b24c.xml
possibly trimming C:\Users\I310911\perforce\testWRKSPC\testPlugin\appexample5\.\work\fingerprints\c3\42\1356719cb32292646f58ef823a88.xml
possibly trimming C:\Users\I310911\perforce\testWRKSPC\testPlugin\appexample5\.\work\fingerprints\c3\8a\023cab50c3fc6c8d02c7a4add46e.xml
possibly trimming C:\Users\I310911\perforce\testWRKSPC\testPlugin\appexample5\.\work\fingerprints\c4\ed\63e570c88568aafc7cffee1a112f.xml
possibly trimming C:\Users\I310911\perforce\testWRKSPC\testPlugin\appexample5\.\work\fingerprints\c9\c3\4b5d5ebf843cdfcca93abb49051e.xml
possibly trimming C:\Users\I310911\perforce\testWRKSPC\testPlugin\appexample5\.\work\fingerprints\c9\e4\8242177d3ca42e7ddbef947ed230.xml
possibly trimming C:\Users\I310911\perforce\testWRKSPC\testPlugin\appexample5\.\work\fingerprints\ca\28\a94467b2dd8e9448b4da692e0f7c.xml
possibly trimming C:\Users\I310911\perforce\testWRKSPC\testPlugin\appexample5\.\work\fingerprints\ca\42\80bf93d64367723ae5c8d42dd0b9.xml
possibly trimming C:\Users\I310911\perforce\testWRKSPC\testPlugin\appexample5\.\work\fingerprints\cb\c7\9ca21a2445ee9486d8c21bf417d9.xml
possibly trimming C:\Users\I310911\perforce\testWRKSPC\testPlugin\appexample5\.\work\fingerprints\cc\77\09e3bacd8fc5820726cd9dba542a.xml
possibly trimming C:\Users\I310911\perforce\testWRKSPC\testPlugin\appexample5\.\work\fingerprints\cd\bb\606faa974f9361a85d6df53aeb9f.xml
possibly trimming C:\Users\I310911\perforce\testWRKSPC\testPlugin\appexample5\.\work\fingerprints\cf\88\331453c9050f0b2f058ec0baaeaa.xml
possibly trimming C:\Users\I310911\perforce\testWRKSPC\testPlugin\appexample5\.\work\fingerprints\d0\10\465a54866ea77944145fc352152e.xml
possibly trimming C:\Users\I310911\perforce\testWRKSPC\testPlugin\appexample5\.\work\fingerprints\d0\1f\9778ef41fe79ad93ea57c27d0573.xml
possibly trimming C:\Users\I310911\perforce\testWRKSPC\testPlugin\appexample5\.\work\fingerprints\d0\fa\93c51d52759cff84a6fd0ad761ea.xml
possibly trimming C:\Users\I310911\perforce\testWRKSPC\testPlugin\appexample5\.\work\fingerprints\d2\3d\c1bee00aef9a143c30b2a6aea3a8.xml
possibly trimming C:\Users\I310911\perforce\testWRKSPC\testPlugin\appexample5\.\work\fingerprints\d2\be\2edd503a224a7357ff39b8be57f1.xml
possibly trimming C:\Users\I310911\perforce\testWRKSPC\testPlugin\appexample5\.\work\fingerprints\d4\01\66904b58282aa21508451d10e1d3.xml
possibly trimming C:\Users\I310911\perforce\testWRKSPC\testPlugin\appexample5\.\work\fingerprints\d4\3a\ad24f2c143b675292ccfef487f9c.xml
possibly trimming C:\Users\I310911\perforce\testWRKSPC\testPlugin\appexample5\.\work\fingerprints\d5\7d\9336b460a91be6880784bdadc124.xml
possibly trimming C:\Users\I310911\perforce\testWRKSPC\testPlugin\appexample5\.\work\fingerprints\d5\94\d2d0ba922edc0ff7faa2d9718eb7.xml
possibly trimming C:\Users\I310911\perforce\testWRKSPC\testPlugin\appexample5\.\work\fingerprints\d8\76\683e63f9a70675296701dc487e50.xml
possibly trimming C:\Users\I310911\perforce\testWRKSPC\testPlugin\appexample5\.\work\fingerprints\d8\f0\f0c8a1c257924716933a38014562.xml
possibly trimming C:\Users\I310911\perforce\testWRKSPC\testPlugin\appexample5\.\work\fingerprints\d8\fa\cb86c908e0977b21b1e83746e342.xml
possibly trimming C:\Users\I310911\perforce\testWRKSPC\testPlugin\appexample5\.\work\fingerprints\d9\86\4de305711defdd306eb3b926f769.xml
possibly trimming C:\Users\I310911\perforce\testWRKSPC\testPlugin\appexample5\.\work\fingerprints\da\6d\848c0e03a6779075369938442db7.xml
possibly trimming C:\Users\I310911\perforce\testWRKSPC\testPlugin\appexample5\.\work\fingerprints\db\b2\78ccee53f343d9aa90b424fb632b.xml
possibly trimming C:\Users\I310911\perforce\testWRKSPC\testPlugin\appexample5\.\work\fingerprints\dd\6d\76a6f9a536e89abf377318cd67b2.xml
possibly trimming C:\Users\I310911\perforce\testWRKSPC\testPlugin\appexample5\.\work\fingerprints\dd\fe\c70ef3cf4c2ffd730514a4cb99e3.xml
possibly trimming C:\Users\I310911\perforce\testWRKSPC\testPlugin\appexample5\.\work\fingerprints\df\5c\4be0e94fca3787b42b5c15859ce2.xml
possibly trimming C:\Users\I310911\perforce\testWRKSPC\testPlugin\appexample5\.\work\fingerprints\e0\63\51d38c8893bac3d0e54f0b095e14.xml
possibly trimming C:\Users\I310911\perforce\testWRKSPC\testPlugin\appexample5\.\work\fingerprints\e1\02\edb5dabfc6194eec1df6b6ee1baf.xml
possibly trimming C:\Users\I310911\perforce\testWRKSPC\testPlugin\appexample5\.\work\fingerprints\e4\0f\dcd9dcf52833f3a9b2e63f1f438c.xml
possibly trimming C:\Users\I310911\perforce\testWRKSPC\testPlugin\appexample5\.\work\fingerprints\e6\36\959a70e268d9cbfcc703881f4100.xml
possibly trimming C:\Users\I310911\perforce\testWRKSPC\testPlugin\appexample5\.\work\fingerprints\e9\2b\4f38d4b28686fa274e0208f87537.xml
possibly trimming C:\Users\I310911\perforce\testWRKSPC\testPlugin\appexample5\.\work\fingerprints\eb\04\fa63fc70c722f2b8ec156166343b.xml
possibly trimming C:\Users\I310911\perforce\testWRKSPC\testPlugin\appexample5\.\work\fingerprints\eb\9d\e409fb60d13e107b094a1764d3c3.xml
possibly trimming C:\Users\I310911\perforce\testWRKSPC\testPlugin\appexample5\.\work\fingerprints\ec\c3\6a63c16bb2195198d24f2b803804.xml
possibly trimming C:\Users\I310911\perforce\testWRKSPC\testPlugin\appexample5\.\work\fingerprints\ed\78\3bcce7e90ec10c3deaa0944d3974.xml
possibly trimming C:\Users\I310911\perforce\testWRKSPC\testPlugin\appexample5\.\work\fingerprints\ee\06\a64d1187e7d139cb87aafe246642.xml
possibly trimming C:\Users\I310911\perforce\testWRKSPC\testPlugin\appexample5\.\work\fingerprints\ef\37\dcdb84030422db428b63c4354e5b.xml
possibly trimming C:\Users\I310911\perforce\testWRKSPC\testPlugin\appexample5\.\work\fingerprints\f3\04\53ae9ee252c802d349009742065f.xml
possibly trimming C:\Users\I310911\perforce\testWRKSPC\testPlugin\appexample5\.\work\fingerprints\f6\32\d28a057446fa533d08e877100b3b.xml
possibly trimming C:\Users\I310911\perforce\testWRKSPC\testPlugin\appexample5\.\work\fingerprints\f6\cf\3fde0b992589ed3d87fa9674015f.xml
possibly trimming C:\Users\I310911\perforce\testWRKSPC\testPlugin\appexample5\.\work\fingerprints\f7\56\4375a3935b2ff75e2da9dcd4f39e.xml
possibly trimming C:\Users\I310911\perforce\testWRKSPC\testPlugin\appexample5\.\work\fingerprints\f8\07\f86d7d9db25edbfc782aca7ca2a9.xml
possibly trimming C:\Users\I310911\perforce\testWRKSPC\testPlugin\appexample5\.\work\fingerprints\f8\f9\758c875f16a530e5903ca7553ea6.xml
possibly trimming C:\Users\I310911\perforce\testWRKSPC\testPlugin\appexample5\.\work\fingerprints\f9\85\31c47b09ffc2ec77d2b5311d91b3.xml
possibly trimming C:\Users\I310911\perforce\testWRKSPC\testPlugin\appexample5\.\work\fingerprints\fa\b4\79574d40258f240ef459e01a573a.xml
possibly trimming C:\Users\I310911\perforce\testWRKSPC\testPlugin\appexample5\.\work\fingerprints\fc\15\b2ba87f10d0f226f0e2b667cd9cb.xml
possibly trimming C:\Users\I310911\perforce\testWRKSPC\testPlugin\appexample5\.\work\fingerprints\fd\66\7fbdaf3190bdd8aee4e8e2d12d5c.xml
possibly trimming C:\Users\I310911\perforce\testWRKSPC\testPlugin\appexample5\.\work\fingerprints\fe\12\2e42fe1ee6579d2f174aeb449bd5.xml
possibly trimming C:\Users\I310911\perforce\testWRKSPC\testPlugin\appexample5\.\work\fingerprints\fe\7d\a015c9d491d2e33c6a3ac2c00841.xml
possibly trimming C:\Users\I310911\perforce\testWRKSPC\testPlugin\appexample5\.\work\fingerprints\ff\11\0c950c9fcf08e98a325f6708ba78.xml
Cleaned up 0 records
